c:\users\19v\source\repos\hal\hal\x64\release\vc142.pdb
c:\users\19v\source\repos\hal\hal\x64\release\imgui_widgets.obj
c:\users\19v\source\repos\hal\hal\x64\release\imgui_impl_win32.obj
c:\users\19v\source\repos\hal\hal\x64\release\imgui_impl_dx11.obj
c:\users\19v\source\repos\hal\hal\x64\release\imgui_draw.obj
c:\users\19v\source\repos\hal\hal\x64\release\imgui_demo.obj
c:\users\19v\source\repos\hal\hal\x64\release\imgui.obj
c:\users\19v\source\repos\hal\hal\x64\release\dllmain.obj
c:\users\19v\source\repos\hal\hal\x64\release\vcpkg.applocal.log
c:\users\19v\source\repos\hal\hal\x64\release\hal.ipdb
c:\users\19v\source\repos\hal\hal\x64\release\hal.iobj
c:\users\19v\appdata\local\fivem\fivem.app\data\cache\subprocess\hal.pdb
c:\users\19v\appdata\local\fivem\fivem.app\data\cache\subprocess\hal.dll
c:\users\19v\source\repos\hal\hal\x64\release\hal.tlog\cl.command.1.tlog
c:\users\19v\source\repos\hal\hal\x64\release\hal.tlog\cl.read.1.tlog
c:\users\19v\source\repos\hal\hal\x64\release\hal.tlog\cl.write.1.tlog
c:\users\19v\source\repos\hal\hal\x64\release\hal.tlog\hal.write.1u.tlog
c:\users\19v\source\repos\hal\hal\x64\release\hal.tlog\link.command.1.tlog
c:\users\19v\source\repos\hal\hal\x64\release\hal.tlog\link.read.1.tlog
c:\users\19v\source\repos\hal\hal\x64\release\hal.tlog\link.write.1.tlog
